[2020-07-24T11:09:37.739] [DEBUG] cheese - login => username:zs,password:123456
[2020-07-24T11:09:37.743] [DEBUG] cheese - zs
[2020-07-24T11:09:37.755] [DEBUG] cheese - null
[2020-07-24T11:09:37.756] [DEBUG] cheese - null
[2020-07-24T11:10:06.807] [DEBUG] cheese - login => username:zk1,password:236456
[2020-07-24T11:10:06.808] [DEBUG] cheese - zk1
[2020-07-24T11:10:06.812] [DEBUG] cheese - null
[2020-07-24T11:10:06.812] [DEBUG] cheese - null
[2020-07-24T11:14:42.772] [DEBUG] cheese - login => username:zk1,password:236456
[2020-07-24T11:14:42.772] [DEBUG] cheese - zk1
[2020-07-24T11:14:42.773] [DEBUG] cheese - null
[2020-07-24T11:14:42.774] [DEBUG] cheese - null
[2020-07-24T11:17:23.117] [DEBUG] cheese - login => username:zk1,password:236456
[2020-07-24T11:17:23.117] [DEBUG] cheese - zk1
[2020-07-24T11:17:23.119] [DEBUG] cheese - null
[2020-07-24T11:17:23.119] [DEBUG] cheese - null
[2020-07-24T11:17:45.543] [DEBUG] cheese - login => username:zk1,password:236456
[2020-07-24T11:17:45.543] [DEBUG] cheese - zk1
[2020-07-24T11:17:45.545] [DEBUG] cheese - null
[2020-07-24T11:17:45.545] [DEBUG] cheese - null
[2020-07-24T11:17:59.632] [DEBUG] cheese - login => username:admin,password:123456
[2020-07-24T11:17:59.632] [DEBUG] cheese - admin
[2020-07-24T11:17:59.636] [DEBUG] cheese - null
[2020-07-24T11:17:59.637] [DEBUG] cheese - null
[2020-07-24T11:33:05.172] [DEBUG] cheese - login => username:zk1,password:236456
[2020-07-24T11:33:05.172] [DEBUG] cheese - zk1
[2020-07-24T11:33:05.174] [DEBUG] cheese - null
[2020-07-24T11:33:05.174] [DEBUG] cheese - null
[2020-07-24T11:33:13.233] [DEBUG] cheese - login => username:admin,password:123456
[2020-07-24T11:33:13.233] [DEBUG] cheese - admin
[2020-07-24T11:33:13.236] [DEBUG] cheese - null
[2020-07-24T11:33:13.236] [DEBUG] cheese - null
[2020-07-24T11:42:11.677] [DEBUG] cheese - login => username:admin,password:123456
[2020-07-24T11:42:11.677] [DEBUG] cheese - admin
[2020-07-24T11:42:11.681] [DEBUG] cheese - null
[2020-07-24T11:42:11.681] [DEBUG] cheese - null
[2020-07-24T11:49:55.382] [DEBUG] cheese - login => username:admin,password:123456
[2020-07-24T11:49:55.383] [DEBUG] cheese - admin
[2020-07-24T11:49:55.393] [DEBUG] cheese - null
[2020-07-24T11:49:55.393] [DEBUG] cheese - null
[2020-07-24T14:07:51.305] [DEBUG] cheese - login => username:admin,password:123456
[2020-07-24T14:07:51.306] [DEBUG] cheese - admin
[2020-07-24T14:07:51.316] [DEBUG] cheese - null
[2020-07-24T14:07:51.316] [DEBUG] cheese - null
[2020-07-24T14:56:24.966] [DEBUG] cheese - login => username:zk1,password:236456
[2020-07-24T14:56:24.967] [DEBUG] cheese - zk1
[2020-07-24T14:56:24.973] [DEBUG] cheese - null
[2020-07-24T14:56:24.973] [DEBUG] cheese - null
[2020-07-24T14:56:36.547] [DEBUG] cheese - login => username:admin,password:123456
[2020-07-24T14:56:36.547] [DEBUG] cheese - admin
[2020-07-24T14:56:36.550] [DEBUG] cheese - null
[2020-07-24T14:56:36.550] [DEBUG] cheese - null
[2020-07-24T15:00:52.591] [DEBUG] cheese - login => username:admin,password:123456
[2020-07-24T15:00:52.591] [DEBUG] cheese - admin
[2020-07-24T15:00:52.592] [DEBUG] cheese - null
[2020-07-24T15:00:52.592] [DEBUG] cheese - null
[2020-07-24T15:31:16.236] [DEBUG] cheese - login => username:admin,password:123456
[2020-07-24T15:31:16.237] [DEBUG] cheese - admin
[2020-07-24T15:31:16.243] [DEBUG] cheese - null
[2020-07-24T15:31:16.243] [DEBUG] cheese - null
[2020-07-24T15:53:53.401] [DEBUG] cheese - login => username:admin,password:123456
[2020-07-24T15:53:53.401] [DEBUG] cheese - admin
[2020-07-24T15:53:53.404] [DEBUG] cheese - null
[2020-07-24T15:53:53.404] [DEBUG] cheese - null
[2020-07-24T15:54:14.601] [DEBUG] cheese - login => username:admin,password:123456
[2020-07-24T15:54:14.601] [DEBUG] cheese - admin
[2020-07-24T15:54:14.603] [DEBUG] cheese - null
[2020-07-24T15:54:14.603] [DEBUG] cheese - null
[2020-07-24T16:35:58.624] [DEBUG] cheese - login => username:admin,password:123456
[2020-07-24T16:35:58.624] [DEBUG] cheese - admin
[2020-07-24T16:35:58.626] [DEBUG] cheese - null
[2020-07-24T16:35:58.626] [DEBUG] cheese - null
[2020-07-24T17:44:28.292] [DEBUG] cheese - login => username:admin,password:123456
[2020-07-24T17:44:28.293] [DEBUG] cheese - admin
[2020-07-24T17:44:28.297] [DEBUG] cheese - null
[2020-07-24T17:44:28.297] [DEBUG] cheese - null
[2020-07-25T10:09:11.592] [DEBUG] cheese - login => username:zs,password:123456
[2020-07-25T10:09:11.593] [DEBUG] cheese - zs
[2020-07-25T10:09:11.626] [DEBUG] cheese - null
[2020-07-25T10:09:11.627] [DEBUG] cheese - null
[2020-07-25T10:09:29.868] [DEBUG] cheese - login => username:admin,password:236456
[2020-07-25T10:09:29.869] [DEBUG] cheese - admin
[2020-07-25T10:09:29.873] [DEBUG] cheese - null
[2020-07-25T10:09:29.873] [DEBUG] cheese - null
[2020-07-25T10:09:35.028] [DEBUG] cheese - login => username:admin,password:123456
[2020-07-25T10:09:35.028] [DEBUG] cheese - admin
[2020-07-25T10:09:35.031] [DEBUG] cheese - null
[2020-07-25T10:09:35.031] [DEBUG] cheese - null
[2020-07-29T22:09:59.417] [DEBUG] cheese - login => username:admin,password:123456
[2020-07-29T22:09:59.423] [DEBUG] cheese - admin
[2020-07-29T22:09:59.500] [DEBUG] cheese - null
[2020-07-29T22:09:59.501] [DEBUG] cheese - null
[2020-07-30T09:55:04.666] [DEBUG] cheese - login => username:admin,password:123456
[2020-07-30T09:55:04.671] [DEBUG] cheese - admin
[2020-07-30T09:55:04.721] [DEBUG] cheese - null
[2020-07-30T09:55:04.722] [DEBUG] cheese - null
[2020-07-30T14:29:30.211] [DEBUG] cheese - login => username:admin,password:123456
[2020-07-30T14:29:30.211] [DEBUG] cheese - admin
[2020-07-30T14:29:30.215] [DEBUG] cheese - null
[2020-07-30T14:29:30.215] [DEBUG] cheese - null
[2020-08-03T22:09:22.227] [DEBUG] cheese - login => username:admin,password:123456
[2020-08-03T22:09:22.233] [DEBUG] cheese - admin
[2020-08-03T22:09:22.305] [DEBUG] cheese - null
[2020-08-03T22:09:22.305] [DEBUG] cheese - null
[2020-08-04T11:51:01.370] [DEBUG] cheese - login => username:admin,password:123456
[2020-08-04T11:51:01.372] [DEBUG] cheese - admin
[2020-08-04T11:51:01.403] [DEBUG] cheese - null
[2020-08-04T11:51:01.404] [DEBUG] cheese - null
